2024/12/07 06:22:57 ------------------_PART ONE_--------------------------
2024/12/07 06:22:57 -----------------------------------------------------------
2024/12/07 06:22:57 New Guard Position:  {4 5}
2024/12/07 06:22:57 
2024/12/07 06:22:57 [. . . . # . . . . .]
2024/12/07 06:22:57 [. . . . . . . . . #]
2024/12/07 06:22:57 [. . . . . . . . . .]
2024/12/07 06:22:57 [. . # . . . . . . .]
2024/12/07 06:22:57 [. . . . . . . # . .]
2024/12/07 06:22:57 [. . . . . . . . . .]
2024/12/07 06:22:57 [. # . . ^ . . . . .]
2024/12/07 06:22:57 [. . . . . . . . # .]
2024/12/07 06:22:57 [# . . . . . . . . .]
2024/12/07 06:22:57 [. . . . . . # . . .]
2024/12/07 06:22:57 
2024/12/07 06:22:57 -----------------------------------------------------------
2024/12/07 06:22:57 New Guard Position:  {4 4}
2024/12/07 06:22:57 
2024/12/07 06:22:57 [. . . . # . . . . .]
2024/12/07 06:22:57 [. . . . . . . . . #]
2024/12/07 06:22:57 [. . . . . . . . . .]
2024/12/07 06:22:57 [. . # . . . . . . .]
2024/12/07 06:22:57 [. . . . . . . # . .]
2024/12/07 06:22:57 [. . . . | . . . . .]
2024/12/07 06:22:57 [. # . . ^ . . . . .]
2024/12/07 06:22:57 [. . . . . . . . # .]
2024/12/07 06:22:57 [# . . . . . . . . .]
2024/12/07 06:22:57 [. . . . . . # . . .]
2024/12/07 06:22:57 
2024/12/07 06:22:57 -----------------------------------------------------------
2024/12/07 06:22:57 New Guard Position:  {4 3}
2024/12/07 06:22:57 
2024/12/07 06:22:57 [. . . . # . . . . .]
2024/12/07 06:22:57 [. . . . . . . . . #]
2024/12/07 06:22:57 [. . . . . . . . . .]
2024/12/07 06:22:57 [. . # . . . . . . .]
2024/12/07 06:22:57 [. . . . | . . # . .]
2024/12/07 06:22:57 [. . . . | . . . . .]
2024/12/07 06:22:57 [. # . . ^ . . . . .]
2024/12/07 06:22:57 [. . . . . . . . # .]
2024/12/07 06:22:57 [# . . . . . . . . .]
2024/12/07 06:22:57 [. . . . . . # . . .]
2024/12/07 06:22:57 
2024/12/07 06:22:57 -----------------------------------------------------------
2024/12/07 06:22:57 New Guard Position:  {4 2}
2024/12/07 06:22:57 
2024/12/07 06:22:57 [. . . . # . . . . .]
2024/12/07 06:22:57 [. . . . . . . . . #]
2024/12/07 06:22:57 [. . . . . . . . . .]
2024/12/07 06:22:57 [. . # . | . . . . .]
2024/12/07 06:22:57 [. . . . | . . # . .]
2024/12/07 06:22:57 [. . . . | . . . . .]
2024/12/07 06:22:57 [. # . . ^ . . . . .]
2024/12/07 06:22:57 [. . . . . . . . # .]
2024/12/07 06:22:57 [# . . . . . . . . .]
2024/12/07 06:22:57 [. . . . . . # . . .]
2024/12/07 06:22:57 
2024/12/07 06:22:57 -----------------------------------------------------------
2024/12/07 06:22:57 New Guard Position:  {4 1}
2024/12/07 06:22:57 
2024/12/07 06:22:57 [. . . . # . . . . .]
2024/12/07 06:22:57 [. . . . . . . . . #]
2024/12/07 06:22:57 [. . . . | . . . . .]
2024/12/07 06:22:57 [. . # . | . . . . .]
2024/12/07 06:22:57 [. . . . | . . # . .]
2024/12/07 06:22:57 [. . . . | . . . . .]
2024/12/07 06:22:57 [. # . . ^ . . . . .]
2024/12/07 06:22:57 [. . . . . . . . # .]
2024/12/07 06:22:57 [# . . . . . . . . .]
2024/12/07 06:22:57 [. . . . . . # . . .]
2024/12/07 06:22:57 
2024/12/07 06:22:57 -----------------------------------------------------------
2024/12/07 06:22:57 New Guard Position:  {5 1}
2024/12/07 06:22:57 
2024/12/07 06:22:57 [. . . . # . . . . .]
2024/12/07 06:22:57 [. . . . + . . . . #]
2024/12/07 06:22:57 [. . . . | . . . . .]
2024/12/07 06:22:57 [. . # . | . . . . .]
2024/12/07 06:22:57 [. . . . | . . # . .]
2024/12/07 06:22:57 [. . . . | . . . . .]
2024/12/07 06:22:57 [. # . . ^ . . . . .]
2024/12/07 06:22:57 [. . . . . . . . # .]
2024/12/07 06:22:57 [# . . . . . . . . .]
2024/12/07 06:22:57 [. . . . . . # . . .]
2024/12/07 06:22:57 
2024/12/07 06:22:57 -----------------------------------------------------------
2024/12/07 06:22:57 New Guard Position:  {6 1}
2024/12/07 06:22:57 
2024/12/07 06:22:57 [. . . . # . . . . .]
2024/12/07 06:22:57 [. . . . + ~ . . . #]
2024/12/07 06:22:57 [. . . . | . . . . .]
2024/12/07 06:22:57 [. . # . | . . . . .]
2024/12/07 06:22:57 [. . . . | . . # . .]
2024/12/07 06:22:57 [. . . . | . . . . .]
2024/12/07 06:22:57 [. # . . ^ . . . . .]
2024/12/07 06:22:57 [. . . . . . . . # .]
2024/12/07 06:22:57 [# . . . . . . . . .]
2024/12/07 06:22:57 [. . . . . . # . . .]
2024/12/07 06:22:57 
2024/12/07 06:22:57 -----------------------------------------------------------
2024/12/07 06:22:57 New Guard Position:  {7 1}
2024/12/07 06:22:57 
2024/12/07 06:22:57 [. . . . # . . . . .]
2024/12/07 06:22:57 [. . . . + ~ ~ . . #]
2024/12/07 06:22:57 [. . . . | . . . . .]
2024/12/07 06:22:57 [. . # . | . . . . .]
2024/12/07 06:22:57 [. . . . | . . # . .]
2024/12/07 06:22:57 [. . . . | . . . . .]
2024/12/07 06:22:57 [. # . . ^ . . . . .]
2024/12/07 06:22:57 [. . . . . . . . # .]
2024/12/07 06:22:57 [# . . . . . . . . .]
2024/12/07 06:22:57 [. . . . . . # . . .]
2024/12/07 06:22:57 
2024/12/07 06:22:57 -----------------------------------------------------------
2024/12/07 06:22:57 New Guard Position:  {8 1}
2024/12/07 06:22:57 
2024/12/07 06:22:57 [. . . . # . . . . .]
2024/12/07 06:22:57 [. . . . + ~ ~ ~ . #]
2024/12/07 06:22:57 [. . . . | . . . . .]
2024/12/07 06:22:57 [. . # . | . . . . .]
2024/12/07 06:22:57 [. . . . | . . # . .]
2024/12/07 06:22:57 [. . . . | . . . . .]
2024/12/07 06:22:57 [. # . . ^ . . . . .]
2024/12/07 06:22:57 [. . . . . . . . # .]
2024/12/07 06:22:57 [# . . . . . . . . .]
2024/12/07 06:22:57 [. . . . . . # . . .]
2024/12/07 06:22:57 
2024/12/07 06:22:57 -----------------------------------------------------------
2024/12/07 06:22:57 New Guard Position:  {8 2}
2024/12/07 06:22:57 
2024/12/07 06:22:57 [. . . . # . . . . .]
2024/12/07 06:22:57 [. . . . + ~ ~ ~ + #]
2024/12/07 06:22:57 [. . . . | . . . . .]
2024/12/07 06:22:57 [. . # . | . . . . .]
2024/12/07 06:22:57 [. . . . | . . # . .]
2024/12/07 06:22:57 [. . . . | . . . . .]
2024/12/07 06:22:57 [. # . . ^ . . . . .]
2024/12/07 06:22:57 [. . . . . . . . # .]
2024/12/07 06:22:57 [# . . . . . . . . .]
2024/12/07 06:22:57 [. . . . . . # . . .]
2024/12/07 06:22:57 
2024/12/07 06:22:57 -----------------------------------------------------------
2024/12/07 06:22:57 New Guard Position:  {8 3}
2024/12/07 06:22:57 
2024/12/07 06:22:57 [. . . . # . . . . .]
2024/12/07 06:22:57 [. . . . + ~ ~ ~ + #]
2024/12/07 06:22:57 [. . . . | . . . | .]
2024/12/07 06:22:57 [. . # . | . . . . .]
2024/12/07 06:22:57 [. . . . | . . # . .]
2024/12/07 06:22:57 [. . . . | . . . . .]
2024/12/07 06:22:57 [. # . . ^ . . . . .]
2024/12/07 06:22:57 [. . . . . . . . # .]
2024/12/07 06:22:57 [# . . . . . . . . .]
2024/12/07 06:22:57 [. . . . . . # . . .]
2024/12/07 06:22:57 
2024/12/07 06:22:57 -----------------------------------------------------------
2024/12/07 06:22:57 New Guard Position:  {8 4}
2024/12/07 06:22:57 
2024/12/07 06:22:57 [. . . . # . . . . .]
2024/12/07 06:22:57 [. . . . + ~ ~ ~ + #]
2024/12/07 06:22:57 [. . . . | . . . | .]
2024/12/07 06:22:57 [. . # . | . . . | .]
2024/12/07 06:22:57 [. . . . | . . # . .]
2024/12/07 06:22:57 [. . . . | . . . . .]
2024/12/07 06:22:57 [. # . . ^ . . . . .]
2024/12/07 06:22:57 [. . . . . . . . # .]
2024/12/07 06:22:57 [# . . . . . . . . .]
2024/12/07 06:22:57 [. . . . . . # . . .]
2024/12/07 06:22:57 
2024/12/07 06:22:57 -----------------------------------------------------------
2024/12/07 06:22:57 New Guard Position:  {8 5}
2024/12/07 06:22:57 
2024/12/07 06:22:57 [. . . . # . . . . .]
2024/12/07 06:22:57 [. . . . + ~ ~ ~ + #]
2024/12/07 06:22:57 [. . . . | . . . | .]
2024/12/07 06:22:57 [. . # . | . . . | .]
2024/12/07 06:22:57 [. . . . | . . # | .]
2024/12/07 06:22:57 [. . . . | . . . . .]
2024/12/07 06:22:57 [. # . . ^ . . . . .]
2024/12/07 06:22:57 [. . . . . . . . # .]
2024/12/07 06:22:57 [# . . . . . . . . .]
2024/12/07 06:22:57 [. . . . . . # . . .]
2024/12/07 06:22:57 
2024/12/07 06:22:57 -----------------------------------------------------------
2024/12/07 06:22:57 New Guard Position:  {8 6}
2024/12/07 06:22:57 
2024/12/07 06:22:57 [. . . . # . . . . .]
2024/12/07 06:22:57 [. . . . + ~ ~ ~ + #]
2024/12/07 06:22:57 [. . . . | . . . | .]
2024/12/07 06:22:57 [. . # . | . . . | .]
2024/12/07 06:22:57 [. . . . | . . # | .]
2024/12/07 06:22:57 [. . . . | . . . | .]
2024/12/07 06:22:57 [. # . . ^ . . . . .]
2024/12/07 06:22:57 [. . . . . . . . # .]
2024/12/07 06:22:57 [# . . . . . . . . .]
2024/12/07 06:22:57 [. . . . . . # . . .]
2024/12/07 06:22:57 
2024/12/07 06:22:57 -----------------------------------------------------------
2024/12/07 06:22:57 New Guard Position:  {7 6}
2024/12/07 06:22:57 
2024/12/07 06:22:57 [. . . . # . . . . .]
2024/12/07 06:22:57 [. . . . + ~ ~ ~ + #]
2024/12/07 06:22:57 [. . . . | . . . | .]
2024/12/07 06:22:57 [. . # . | . . . | .]
2024/12/07 06:22:57 [. . . . | . . # | .]
2024/12/07 06:22:57 [. . . . | . . . | .]
2024/12/07 06:22:57 [. # . . ^ . . . + .]
2024/12/07 06:22:57 [. . . . . . . . # .]
2024/12/07 06:22:57 [# . . . . . . . . .]
2024/12/07 06:22:57 [. . . . . . # . . .]
2024/12/07 06:22:57 
2024/12/07 06:22:57 -----------------------------------------------------------
2024/12/07 06:22:57 New Guard Position:  {6 6}
2024/12/07 06:22:57 
2024/12/07 06:22:57 [. . . . # . . . . .]
2024/12/07 06:22:57 [. . . . + ~ ~ ~ + #]
2024/12/07 06:22:57 [. . . . | . . . | .]
2024/12/07 06:22:57 [. . # . | . . . | .]
2024/12/07 06:22:57 [. . . . | . . # | .]
2024/12/07 06:22:57 [. . . . | . . . | .]
2024/12/07 06:22:57 [. # . . ^ . . ~ + .]
2024/12/07 06:22:57 [. . . . . . . . # .]
2024/12/07 06:22:57 [# . . . . . . . . .]
2024/12/07 06:22:57 [. . . . . . # . . .]
2024/12/07 06:22:57 
2024/12/07 06:22:57 -----------------------------------------------------------
2024/12/07 06:22:57 New Guard Position:  {5 6}
2024/12/07 06:22:57 
2024/12/07 06:22:57 [. . . . # . . . . .]
2024/12/07 06:22:57 [. . . . + ~ ~ ~ + #]
2024/12/07 06:22:57 [. . . . | . . . | .]
2024/12/07 06:22:57 [. . # . | . . . | .]
2024/12/07 06:22:57 [. . . . | . . # | .]
2024/12/07 06:22:57 [. . . . | . . . | .]
2024/12/07 06:22:57 [. # . . ^ . ~ ~ + .]
2024/12/07 06:22:57 [. . . . . . . . # .]
2024/12/07 06:22:57 [# . . . . . . . . .]
2024/12/07 06:22:57 [. . . . . . # . . .]
2024/12/07 06:22:57 
2024/12/07 06:22:57 -----------------------------------------------------------
2024/12/07 06:22:57 New Guard Position:  {4 6}
2024/12/07 06:22:57 
2024/12/07 06:22:57 [. . . . # . . . . .]
2024/12/07 06:22:57 [. . . . + ~ ~ ~ + #]
2024/12/07 06:22:57 [. . . . | . . . | .]
2024/12/07 06:22:57 [. . # . | . . . | .]
2024/12/07 06:22:57 [. . . . | . . # | .]
2024/12/07 06:22:57 [. . . . | . . . | .]
2024/12/07 06:22:57 [. # . . ^ ~ ~ ~ + .]
2024/12/07 06:22:57 [. . . . . . . . # .]
2024/12/07 06:22:57 [# . . . . . . . . .]
2024/12/07 06:22:57 [. . . . . . # . . .]
2024/12/07 06:22:57 
2024/12/07 06:22:57 -----------------------------------------------------------
2024/12/07 06:22:57 New Guard Position:  {3 6}
2024/12/07 06:22:57 
2024/12/07 06:22:57 [. . . . # . . . . .]
2024/12/07 06:22:57 [. . . . + ~ ~ ~ + #]
2024/12/07 06:22:57 [. . . . | . . . | .]
2024/12/07 06:22:57 [. . # . | . . . | .]
2024/12/07 06:22:57 [. . . . | . . # | .]
2024/12/07 06:22:57 [. . . . | . . . | .]
2024/12/07 06:22:57 [. # . . ^ ~ ~ ~ + .]
2024/12/07 06:22:57 [. . . . . . . . # .]
2024/12/07 06:22:57 [# . . . . . . . . .]
2024/12/07 06:22:57 [. . . . . . # . . .]
2024/12/07 06:22:57 
2024/12/07 06:22:57 -----------------------------------------------------------
2024/12/07 06:22:57 New Guard Position:  {2 6}
2024/12/07 06:22:57 
2024/12/07 06:22:57 [. . . . # . . . . .]
2024/12/07 06:22:57 [. . . . + ~ ~ ~ + #]
2024/12/07 06:22:57 [. . . . | . . . | .]
2024/12/07 06:22:57 [. . # . | . . . | .]
2024/12/07 06:22:57 [. . . . | . . # | .]
2024/12/07 06:22:57 [. . . . | . . . | .]
2024/12/07 06:22:57 [. # . ~ ^ ~ ~ ~ + .]
2024/12/07 06:22:57 [. . . . . . . . # .]
2024/12/07 06:22:57 [# . . . . . . . . .]
2024/12/07 06:22:57 [. . . . . . # . . .]
2024/12/07 06:22:57 
2024/12/07 06:22:57 -----------------------------------------------------------
2024/12/07 06:22:57 New Guard Position:  {2 5}
2024/12/07 06:22:57 
2024/12/07 06:22:57 [. . . . # . . . . .]
2024/12/07 06:22:57 [. . . . + ~ ~ ~ + #]
2024/12/07 06:22:57 [. . . . | . . . | .]
2024/12/07 06:22:57 [. . # . | . . . | .]
2024/12/07 06:22:57 [. . . . | . . # | .]
2024/12/07 06:22:57 [. . . . | . . . | .]
2024/12/07 06:22:57 [. # + ~ ^ ~ ~ ~ + .]
2024/12/07 06:22:57 [. . . . . . . . # .]
2024/12/07 06:22:57 [# . . . . . . . . .]
2024/12/07 06:22:57 [. . . . . . # . . .]
2024/12/07 06:22:57 
2024/12/07 06:22:57 -----------------------------------------------------------
2024/12/07 06:22:57 New Guard Position:  {2 4}
2024/12/07 06:22:57 
2024/12/07 06:22:57 [. . . . # . . . . .]
2024/12/07 06:22:57 [. . . . + ~ ~ ~ + #]
2024/12/07 06:22:57 [. . . . | . . . | .]
2024/12/07 06:22:57 [. . # . | . . . | .]
2024/12/07 06:22:57 [. . . . | . . # | .]
2024/12/07 06:22:57 [. . | . | . . . | .]
2024/12/07 06:22:57 [. # + ~ ^ ~ ~ ~ + .]
2024/12/07 06:22:57 [. . . . . . . . # .]
2024/12/07 06:22:57 [# . . . . . . . . .]
2024/12/07 06:22:57 [. . . . . . # . . .]
2024/12/07 06:22:57 
2024/12/07 06:22:57 -----------------------------------------------------------
2024/12/07 06:22:57 New Guard Position:  {3 4}
2024/12/07 06:22:57 
2024/12/07 06:22:57 [. . . . # . . . . .]
2024/12/07 06:22:57 [. . . . + ~ ~ ~ + #]
2024/12/07 06:22:57 [. . . . | . . . | .]
2024/12/07 06:22:57 [. . # . | . . . | .]
2024/12/07 06:22:57 [. . + . | . . # | .]
2024/12/07 06:22:57 [. . | . | . . . | .]
2024/12/07 06:22:57 [. # + ~ ^ ~ ~ ~ + .]
2024/12/07 06:22:57 [. . . . . . . . # .]
2024/12/07 06:22:57 [# . . . . . . . . .]
2024/12/07 06:22:57 [. . . . . . # . . .]
2024/12/07 06:22:57 
2024/12/07 06:22:57 -----------------------------------------------------------
2024/12/07 06:22:57 New Guard Position:  {4 4}
2024/12/07 06:22:57 
2024/12/07 06:22:57 [. . . . # . . . . .]
2024/12/07 06:22:57 [. . . . + ~ ~ ~ + #]
2024/12/07 06:22:57 [. . . . | . . . | .]
2024/12/07 06:22:57 [. . # . | . . . | .]
2024/12/07 06:22:57 [. . + ~ | . . # | .]
2024/12/07 06:22:57 [. . | . | . . . | .]
2024/12/07 06:22:57 [. # + ~ ^ ~ ~ ~ + .]
2024/12/07 06:22:57 [. . . . . . . . # .]
2024/12/07 06:22:57 [# . . . . . . . . .]
2024/12/07 06:22:57 [. . . . . . # . . .]
2024/12/07 06:22:57 
2024/12/07 06:22:57 -----------------------------------------------------------
2024/12/07 06:22:57 New Guard Position:  {5 4}
2024/12/07 06:22:57 
2024/12/07 06:22:57 [. . . . # . . . . .]
2024/12/07 06:22:57 [. . . . + ~ ~ ~ + #]
2024/12/07 06:22:57 [. . . . | . . . | .]
2024/12/07 06:22:57 [. . # . | . . . | .]
2024/12/07 06:22:57 [. . + ~ + . . # | .]
2024/12/07 06:22:57 [. . | . | . . . | .]
2024/12/07 06:22:57 [. # + ~ ^ ~ ~ ~ + .]
2024/12/07 06:22:57 [. . . . . . . . # .]
2024/12/07 06:22:57 [# . . . . . . . . .]
2024/12/07 06:22:57 [. . . . . . # . . .]
2024/12/07 06:22:57 
2024/12/07 06:22:57 -----------------------------------------------------------
2024/12/07 06:22:57 New Guard Position:  {6 4}
2024/12/07 06:22:57 
2024/12/07 06:22:57 [. . . . # . . . . .]
2024/12/07 06:22:57 [. . . . + ~ ~ ~ + #]
2024/12/07 06:22:57 [. . . . | . . . | .]
2024/12/07 06:22:57 [. . # . | . . . | .]
2024/12/07 06:22:57 [. . + ~ + ~ . # | .]
2024/12/07 06:22:57 [. . | . | . . . | .]
2024/12/07 06:22:57 [. # + ~ ^ ~ ~ ~ + .]
2024/12/07 06:22:57 [. . . . . . . . # .]
2024/12/07 06:22:57 [# . . . . . . . . .]
2024/12/07 06:22:57 [. . . . . . # . . .]
2024/12/07 06:22:57 
2024/12/07 06:22:57 -----------------------------------------------------------
2024/12/07 06:22:57 New Guard Position:  {6 5}
2024/12/07 06:22:57 
2024/12/07 06:22:57 [. . . . # . . . . .]
2024/12/07 06:22:57 [. . . . + ~ ~ ~ + #]
2024/12/07 06:22:57 [. . . . | . . . | .]
2024/12/07 06:22:57 [. . # . | . . . | .]
2024/12/07 06:22:57 [. . + ~ + ~ + # | .]
2024/12/07 06:22:57 [. . | . | . . . | .]
2024/12/07 06:22:57 [. # + ~ ^ ~ ~ ~ + .]
2024/12/07 06:22:57 [. . . . . . . . # .]
2024/12/07 06:22:57 [# . . . . . . . . .]
2024/12/07 06:22:57 [. . . . . . # . . .]
2024/12/07 06:22:57 
2024/12/07 06:22:57 -----------------------------------------------------------
2024/12/07 06:22:57 New Guard Position:  {6 6}
2024/12/07 06:22:57 
2024/12/07 06:22:57 [. . . . # . . . . .]
2024/12/07 06:22:57 [. . . . + ~ ~ ~ + #]
2024/12/07 06:22:57 [. . . . | . . . | .]
2024/12/07 06:22:57 [. . # . | . . . | .]
2024/12/07 06:22:57 [. . + ~ + ~ + # | .]
2024/12/07 06:22:57 [. . | . | . | . | .]
2024/12/07 06:22:57 [. # + ~ ^ ~ ~ ~ + .]
2024/12/07 06:22:57 [. . . . . . . . # .]
2024/12/07 06:22:57 [# . . . . . . . . .]
2024/12/07 06:22:57 [. . . . . . # . . .]
2024/12/07 06:22:57 
2024/12/07 06:22:57 -----------------------------------------------------------
2024/12/07 06:22:57 New Guard Position:  {6 7}
2024/12/07 06:22:57 
2024/12/07 06:22:57 [. . . . # . . . . .]
2024/12/07 06:22:57 [. . . . + ~ ~ ~ + #]
2024/12/07 06:22:57 [. . . . | . . . | .]
2024/12/07 06:22:57 [. . # . | . . . | .]
2024/12/07 06:22:57 [. . + ~ + ~ + # | .]
2024/12/07 06:22:57 [. . | . | . | . | .]
2024/12/07 06:22:57 [. # + ~ ^ ~ ~ ~ + .]
2024/12/07 06:22:57 [. . . . . . . . # .]
2024/12/07 06:22:57 [# . . . . . . . . .]
2024/12/07 06:22:57 [. . . . . . # . . .]
2024/12/07 06:22:57 
2024/12/07 06:22:57 -----------------------------------------------------------
2024/12/07 06:22:57 New Guard Position:  {6 8}
2024/12/07 06:22:57 
2024/12/07 06:22:57 [. . . . # . . . . .]
2024/12/07 06:22:57 [. . . . + ~ ~ ~ + #]
2024/12/07 06:22:57 [. . . . | . . . | .]
2024/12/07 06:22:57 [. . # . | . . . | .]
2024/12/07 06:22:57 [. . + ~ + ~ + # | .]
2024/12/07 06:22:57 [. . | . | . | . | .]
2024/12/07 06:22:57 [. # + ~ ^ ~ ~ ~ + .]
2024/12/07 06:22:57 [. . . . . . | . # .]
2024/12/07 06:22:57 [# . . . . . . . . .]
2024/12/07 06:22:57 [. . . . . . # . . .]
2024/12/07 06:22:57 
2024/12/07 06:22:57 -----------------------------------------------------------
2024/12/07 06:22:57 New Guard Position:  {5 8}
2024/12/07 06:22:57 
2024/12/07 06:22:57 [. . . . # . . . . .]
2024/12/07 06:22:57 [. . . . + ~ ~ ~ + #]
2024/12/07 06:22:57 [. . . . | . . . | .]
2024/12/07 06:22:57 [. . # . | . . . | .]
2024/12/07 06:22:57 [. . + ~ + ~ + # | .]
2024/12/07 06:22:57 [. . | . | . | . | .]
2024/12/07 06:22:57 [. # + ~ ^ ~ ~ ~ + .]
2024/12/07 06:22:57 [. . . . . . | . # .]
2024/12/07 06:22:57 [# . . . . . + . . .]
2024/12/07 06:22:57 [. . . . . . # . . .]
2024/12/07 06:22:57 
2024/12/07 06:22:57 -----------------------------------------------------------
2024/12/07 06:22:57 New Guard Position:  {4 8}
2024/12/07 06:22:57 
2024/12/07 06:22:57 [. . . . # . . . . .]
2024/12/07 06:22:57 [. . . . + ~ ~ ~ + #]
2024/12/07 06:22:57 [. . . . | . . . | .]
2024/12/07 06:22:57 [. . # . | . . . | .]
2024/12/07 06:22:57 [. . + ~ + ~ + # | .]
2024/12/07 06:22:57 [. . | . | . | . | .]
2024/12/07 06:22:57 [. # + ~ ^ ~ ~ ~ + .]
2024/12/07 06:22:57 [. . . . . . | . # .]
2024/12/07 06:22:57 [# . . . . ~ + . . .]
2024/12/07 06:22:57 [. . . . . . # . . .]
2024/12/07 06:22:57 
2024/12/07 06:22:57 -----------------------------------------------------------
2024/12/07 06:22:57 New Guard Position:  {3 8}
2024/12/07 06:22:57 
2024/12/07 06:22:57 [. . . . # . . . . .]
2024/12/07 06:22:57 [. . . . + ~ ~ ~ + #]
2024/12/07 06:22:57 [. . . . | . . . | .]
2024/12/07 06:22:57 [. . # . | . . . | .]
2024/12/07 06:22:57 [. . + ~ + ~ + # | .]
2024/12/07 06:22:57 [. . | . | . | . | .]
2024/12/07 06:22:57 [. # + ~ ^ ~ ~ ~ + .]
2024/12/07 06:22:57 [. . . . . . | . # .]
2024/12/07 06:22:57 [# . . . ~ ~ + . . .]
2024/12/07 06:22:57 [. . . . . . # . . .]
2024/12/07 06:22:57 
2024/12/07 06:22:57 -----------------------------------------------------------
2024/12/07 06:22:57 New Guard Position:  {2 8}
2024/12/07 06:22:57 
2024/12/07 06:22:57 [. . . . # . . . . .]
2024/12/07 06:22:57 [. . . . + ~ ~ ~ + #]
2024/12/07 06:22:57 [. . . . | . . . | .]
2024/12/07 06:22:57 [. . # . | . . . | .]
2024/12/07 06:22:57 [. . + ~ + ~ + # | .]
2024/12/07 06:22:57 [. . | . | . | . | .]
2024/12/07 06:22:57 [. # + ~ ^ ~ ~ ~ + .]
2024/12/07 06:22:57 [. . . . . . | . # .]
2024/12/07 06:22:57 [# . . ~ ~ ~ + . . .]
2024/12/07 06:22:57 [. . . . . . # . . .]
2024/12/07 06:22:57 
2024/12/07 06:22:57 -----------------------------------------------------------
2024/12/07 06:22:57 New Guard Position:  {1 8}
2024/12/07 06:22:57 
2024/12/07 06:22:57 [. . . . # . . . . .]
2024/12/07 06:22:57 [. . . . + ~ ~ ~ + #]
2024/12/07 06:22:57 [. . . . | . . . | .]
2024/12/07 06:22:57 [. . # . | . . . | .]
2024/12/07 06:22:57 [. . + ~ + ~ + # | .]
2024/12/07 06:22:57 [. . | . | . | . | .]
2024/12/07 06:22:57 [. # + ~ ^ ~ ~ ~ + .]
2024/12/07 06:22:57 [. . . . . . | . # .]
2024/12/07 06:22:57 [# . ~ ~ ~ ~ + . . .]
2024/12/07 06:22:57 [. . . . . . # . . .]
2024/12/07 06:22:57 
2024/12/07 06:22:57 -----------------------------------------------------------
2024/12/07 06:22:57 New Guard Position:  {1 7}
2024/12/07 06:22:57 
2024/12/07 06:22:57 [. . . . # . . . . .]
2024/12/07 06:22:57 [. . . . + ~ ~ ~ + #]
2024/12/07 06:22:57 [. . . . | . . . | .]
2024/12/07 06:22:57 [. . # . | . . . | .]
2024/12/07 06:22:57 [. . + ~ + ~ + # | .]
2024/12/07 06:22:57 [. . | . | . | . | .]
2024/12/07 06:22:57 [. # + ~ ^ ~ ~ ~ + .]
2024/12/07 06:22:57 [. . . . . . | . # .]
2024/12/07 06:22:57 [# + ~ ~ ~ ~ + . . .]
2024/12/07 06:22:57 [. . . . . . # . . .]
2024/12/07 06:22:57 
2024/12/07 06:22:57 -----------------------------------------------------------
2024/12/07 06:22:57 New Guard Position:  {2 7}
2024/12/07 06:22:57 
2024/12/07 06:22:57 [. . . . # . . . . .]
2024/12/07 06:22:57 [. . . . + ~ ~ ~ + #]
2024/12/07 06:22:57 [. . . . | . . . | .]
2024/12/07 06:22:57 [. . # . | . . . | .]
2024/12/07 06:22:57 [. . + ~ + ~ + # | .]
2024/12/07 06:22:57 [. . | . | . | . | .]
2024/12/07 06:22:57 [. # + ~ ^ ~ ~ ~ + .]
2024/12/07 06:22:57 [. + . . . . | . # .]
2024/12/07 06:22:57 [# + ~ ~ ~ ~ + . . .]
2024/12/07 06:22:57 [. . . . . . # . . .]
2024/12/07 06:22:57 
2024/12/07 06:22:57 -----------------------------------------------------------
2024/12/07 06:22:57 New Guard Position:  {3 7}
2024/12/07 06:22:57 
2024/12/07 06:22:57 [. . . . # . . . . .]
2024/12/07 06:22:57 [. . . . + ~ ~ ~ + #]
2024/12/07 06:22:57 [. . . . | . . . | .]
2024/12/07 06:22:57 [. . # . | . . . | .]
2024/12/07 06:22:57 [. . + ~ + ~ + # | .]
2024/12/07 06:22:57 [. . | . | . | . | .]
2024/12/07 06:22:57 [. # + ~ ^ ~ ~ ~ + .]
2024/12/07 06:22:57 [. + ~ . . . | . # .]
2024/12/07 06:22:57 [# + ~ ~ ~ ~ + . . .]
2024/12/07 06:22:57 [. . . . . . # . . .]
2024/12/07 06:22:57 
2024/12/07 06:22:57 -----------------------------------------------------------
2024/12/07 06:22:57 New Guard Position:  {4 7}
2024/12/07 06:22:57 
2024/12/07 06:22:57 [. . . . # . . . . .]
2024/12/07 06:22:57 [. . . . + ~ ~ ~ + #]
2024/12/07 06:22:57 [. . . . | . . . | .]
2024/12/07 06:22:57 [. . # . | . . . | .]
2024/12/07 06:22:57 [. . + ~ + ~ + # | .]
2024/12/07 06:22:57 [. . | . | . | . | .]
2024/12/07 06:22:57 [. # + ~ ^ ~ ~ ~ + .]
2024/12/07 06:22:57 [. + ~ ~ . . | . # .]
2024/12/07 06:22:57 [# + ~ ~ ~ ~ + . . .]
2024/12/07 06:22:57 [. . . . . . # . . .]
2024/12/07 06:22:57 
2024/12/07 06:22:57 -----------------------------------------------------------
2024/12/07 06:22:57 New Guard Position:  {5 7}
2024/12/07 06:22:57 
2024/12/07 06:22:57 [. . . . # . . . . .]
2024/12/07 06:22:57 [. . . . + ~ ~ ~ + #]
2024/12/07 06:22:57 [. . . . | . . . | .]
2024/12/07 06:22:57 [. . # . | . . . | .]
2024/12/07 06:22:57 [. . + ~ + ~ + # | .]
2024/12/07 06:22:57 [. . | . | . | . | .]
2024/12/07 06:22:57 [. # + ~ ^ ~ ~ ~ + .]
2024/12/07 06:22:57 [. + ~ ~ ~ . | . # .]
2024/12/07 06:22:57 [# + ~ ~ ~ ~ + . . .]
2024/12/07 06:22:57 [. . . . . . # . . .]
2024/12/07 06:22:57 
2024/12/07 06:22:57 -----------------------------------------------------------
2024/12/07 06:22:57 New Guard Position:  {6 7}
2024/12/07 06:22:57 
2024/12/07 06:22:57 [. . . . # . . . . .]
2024/12/07 06:22:57 [. . . . + ~ ~ ~ + #]
2024/12/07 06:22:57 [. . . . | . . . | .]
2024/12/07 06:22:57 [. . # . | . . . | .]
2024/12/07 06:22:57 [. . + ~ + ~ + # | .]
2024/12/07 06:22:57 [. . | . | . | . | .]
2024/12/07 06:22:57 [. # + ~ ^ ~ ~ ~ + .]
2024/12/07 06:22:57 [. + ~ ~ ~ ~ | . # .]
2024/12/07 06:22:57 [# + ~ ~ ~ ~ + . . .]
2024/12/07 06:22:57 [. . . . . . # . . .]
2024/12/07 06:22:57 
2024/12/07 06:22:57 -----------------------------------------------------------
2024/12/07 06:22:57 New Guard Position:  {7 7}
2024/12/07 06:22:57 
2024/12/07 06:22:57 [. . . . # . . . . .]
2024/12/07 06:22:57 [. . . . + ~ ~ ~ + #]
2024/12/07 06:22:57 [. . . . | . . . | .]
2024/12/07 06:22:57 [. . # . | . . . | .]
2024/12/07 06:22:57 [. . + ~ + ~ + # | .]
2024/12/07 06:22:57 [. . | . | . | . | .]
2024/12/07 06:22:57 [. # + ~ ^ ~ ~ ~ + .]
2024/12/07 06:22:57 [. + ~ ~ ~ ~ + . # .]
2024/12/07 06:22:57 [# + ~ ~ ~ ~ + . . .]
2024/12/07 06:22:57 [. . . . . . # . . .]
2024/12/07 06:22:57 
2024/12/07 06:22:57 -----------------------------------------------------------
2024/12/07 06:22:57 New Guard Position:  {7 8}
2024/12/07 06:22:57 
2024/12/07 06:22:57 [. . . . # . . . . .]
2024/12/07 06:22:57 [. . . . + ~ ~ ~ + #]
2024/12/07 06:22:57 [. . . . | . . . | .]
2024/12/07 06:22:57 [. . # . | . . . | .]
2024/12/07 06:22:57 [. . + ~ + ~ + # | .]
2024/12/07 06:22:57 [. . | . | . | . | .]
2024/12/07 06:22:57 [. # + ~ ^ ~ ~ ~ + .]
2024/12/07 06:22:57 [. + ~ ~ ~ ~ + + # .]
2024/12/07 06:22:57 [# + ~ ~ ~ ~ + . . .]
2024/12/07 06:22:57 [. . . . . . # . . .]
2024/12/07 06:22:57 
2024/12/07 06:22:57 -----------------------------------------------------------
2024/12/07 06:22:57 New Guard Position:  {7 9}
2024/12/07 06:22:57 
2024/12/07 06:22:57 [. . . . # . . . . .]
2024/12/07 06:22:57 [. . . . + ~ ~ ~ + #]
2024/12/07 06:22:57 [. . . . | . . . | .]
2024/12/07 06:22:57 [. . # . | . . . | .]
2024/12/07 06:22:57 [. . + ~ + ~ + # | .]
2024/12/07 06:22:57 [. . | . | . | . | .]
2024/12/07 06:22:57 [. # + ~ ^ ~ ~ ~ + .]
2024/12/07 06:22:57 [. + ~ ~ ~ ~ + + # .]
2024/12/07 06:22:57 [# + ~ ~ ~ ~ + | . .]
2024/12/07 06:22:57 [. . . . . . # . . .]
2024/12/07 06:22:57 
2024/12/07 06:22:57 -----------------------------------------------------------
2024/12/07 06:22:57 New Guard Position:  {7 10}
2024/12/07 06:22:57 
2024/12/07 06:22:57 [. . . . # . . . . .]
2024/12/07 06:22:57 [. . . . + ~ ~ ~ + #]
2024/12/07 06:22:57 [. . . . | . . . | .]
2024/12/07 06:22:57 [. . # . | . . . | .]
2024/12/07 06:22:57 [. . + ~ + ~ + # | .]
2024/12/07 06:22:57 [. . | . | . | . | .]
2024/12/07 06:22:57 [. # + ~ ^ ~ ~ ~ + .]
2024/12/07 06:22:57 [. + ~ ~ ~ ~ + + # .]
2024/12/07 06:22:57 [# + ~ ~ ~ ~ + | . .]
2024/12/07 06:22:57 [. . . . . . # V . .]
2024/12/07 06:22:57 
2024/12/07 06:22:57 ------------------_PART TWO_--------------------------
2024/12/07 06:22:57 ----------------------------------------------------------
2024/12/07 06:22:57 Loops?:  true
2024/12/07 06:22:57 Locations Visited:  41
2024/12/07 06:22:57 
2024/12/07 06:22:57 [. . . . # . . . . .]
2024/12/07 06:22:57 [. . . . + ~ ~ ~ + #]
2024/12/07 06:22:57 [. . . . | . . . | .]
2024/12/07 06:22:57 [. . # . | . . . | .]
2024/12/07 06:22:57 [. . . . | . . # | .]
2024/12/07 06:22:57 [. . . . | . . . | .]
2024/12/07 06:22:57 [. # . 0 + ~ ~ ~ + .]
2024/12/07 06:22:57 [. . . . . . . . # .]
2024/12/07 06:22:57 [# . . . . . . . . .]
2024/12/07 06:22:57 [. . . . . . # . . .]
2024/12/07 06:22:57 
2024/12/07 06:22:57 
2024/12/07 06:22:57 ----------------------------------------------------------
2024/12/07 06:22:57 Loops?:  true
2024/12/07 06:22:57 Locations Visited:  41
2024/12/07 06:22:57 
2024/12/07 06:22:57 [. . . . # . . . . .]
2024/12/07 06:22:57 [. . . . + ~ ~ ~ + #]
2024/12/07 06:22:57 [. . . . | . . . | .]
2024/12/07 06:22:57 [. . # . | . . . | .]
2024/12/07 06:22:57 [. . + ~ + ~ + # | .]
2024/12/07 06:22:57 [. . | . | . | . | .]
2024/12/07 06:22:57 [. # + ~ ^ ~ + ~ + .]
2024/12/07 06:22:57 [. . . . . . 0 . # .]
2024/12/07 06:22:57 [# . . . . . . . . .]
2024/12/07 06:22:57 [. . . . . . # . . .]
2024/12/07 06:22:57 
2024/12/07 06:22:57 
2024/12/07 06:22:57 ----------------------------------------------------------
2024/12/07 06:22:57 Loops?:  true
2024/12/07 06:22:57 Locations Visited:  41
2024/12/07 06:22:57 
2024/12/07 06:22:57 [. . . . # . . . . .]
2024/12/07 06:22:57 [. . . . + ~ ~ ~ + #]
2024/12/07 06:22:57 [. . . . | . . . | .]
2024/12/07 06:22:57 [. . # . | . . . | .]
2024/12/07 06:22:57 [. . + ~ + ~ + # | .]
2024/12/07 06:22:57 [. . | . | . | . | .]
2024/12/07 06:22:57 [. # + ~ ^ ~ ~ ~ + .]
2024/12/07 06:22:57 [. + ~ ~ ~ ~ + 0 # .]
2024/12/07 06:22:57 [# + ~ ~ ~ ~ + . . .]
2024/12/07 06:22:57 [. . . . . . # . . .]
2024/12/07 06:22:57 
2024/12/07 06:22:57 
2024/12/07 06:22:57 ----------------------------------------------------------
2024/12/07 06:22:57 Loops?:  true
2024/12/07 06:22:57 Locations Visited:  41
2024/12/07 06:22:57 
2024/12/07 06:22:57 [. . . . # . . . . .]
2024/12/07 06:22:57 [. . . . + ~ ~ ~ + #]
2024/12/07 06:22:57 [. . . . | . . . | .]
2024/12/07 06:22:57 [. . # . | . . . | .]
2024/12/07 06:22:57 [. . + ~ + ~ + # | .]
2024/12/07 06:22:57 [. . | . | . | . | .]
2024/12/07 06:22:57 [. # + ~ ^ ~ ~ ~ + .]
2024/12/07 06:22:57 [. . | . . . | . # .]
2024/12/07 06:22:57 [# 0 + ~ ~ ~ + . . .]
2024/12/07 06:22:57 [. . . . . . # . . .]
2024/12/07 06:22:57 
2024/12/07 06:22:57 
2024/12/07 06:22:57 ----------------------------------------------------------
2024/12/07 06:22:57 Loops?:  true
2024/12/07 06:22:57 Locations Visited:  41
2024/12/07 06:22:57 
2024/12/07 06:22:57 [. . . . # . . . . .]
2024/12/07 06:22:57 [. . . . + ~ ~ ~ + #]
2024/12/07 06:22:57 [. . . . | . . . | .]
2024/12/07 06:22:57 [. . # . | . . . | .]
2024/12/07 06:22:57 [. . + ~ + ~ + # | .]
2024/12/07 06:22:57 [. . | . | . | . | .]
2024/12/07 06:22:57 [. # + ~ ^ ~ ~ ~ + .]
2024/12/07 06:22:57 [. . . . | . | . # .]
2024/12/07 06:22:57 [# . . 0 + ~ + . . .]
2024/12/07 06:22:57 [. . . . . . # . . .]
2024/12/07 06:22:57 
2024/12/07 06:22:57 
2024/12/07 06:22:57 ----------------------------------------------------------
2024/12/07 06:22:57 Loops?:  true
2024/12/07 06:22:57 Locations Visited:  41
2024/12/07 06:22:57 
2024/12/07 06:22:57 [. . . . # . . . . .]
2024/12/07 06:22:57 [. . . . + ~ ~ ~ + #]
2024/12/07 06:22:57 [. . . . | . . . | .]
2024/12/07 06:22:57 [. . # . | . . . | .]
2024/12/07 06:22:57 [. . + ~ + ~ + # | .]
2024/12/07 06:22:57 [. . | . | . | . | .]
2024/12/07 06:22:57 [. # + ~ ^ ~ ~ ~ + .]
2024/12/07 06:22:57 [. + ~ ~ ~ ~ + + # .]
2024/12/07 06:22:57 [# + ~ ~ ~ ~ + + . .]
2024/12/07 06:22:57 [. . . . . . # 0 . .]
2024/12/07 06:22:57 
2024/12/07 06:22:57 
