2024/12/14 17:08:27 500 [{{91 23} {98 -65}} {{100 68} {-43 14}} {{33 76} {55 34}} {{83 21} {14 67}} {{59 43} {-65 77}} {{2 89} {-53 61}} {{22 83} {44 85}} {{54 82} {13 72}} {{72 70} {-81 43}} {{9 89} {42 -76}} {{80 10} {-79 -19}} {{65 86} {-38 -35}} {{67 41} {-87 72}} {{39 82} {-20 -80}} {{76 20} {-4 98}} {{44 22} {56 63}} {{91 13} {-74 19}} {{48 56} {-15 69}} {{61 30} {99 74}} {{10 38} {55 80}} {{24 61} {59 -72}} {{98 50} {74 95}} {{17 33} {3 87}} {{91 70} {17 -7}} {{79 92} {31 -49}} {{8 30} {-73 -95}} {{9 34} {-83 -34}} {{62 17} {21 29}} {{47 51} {-56 38}} {{57 64} {86 96}} {{92 1} {18 43}} {{16 72} {89 -69}} {{85 96} {-23 -91}} {{7 25} {95 -50}} {{95 71} {30 -47}} {{23 5} {19 -91}} {{79 40} {87 73}} {{12 84} {63 6}} {{30 79} {-92 85}} {{64 36} {91 70}} {{63 6} {26 50}} {{64 76} {-41 -80}} {{61 6} {-10 -22}} {{54 65} {41 -68}} {{95 101} {-33 19}} {{90 18} {77 19}} {{46 40} {-91 66}} {{11 10} {-7 43}} {{9 23} {33 -48}} {{72 59} {-95 4}} {{10 40} {-98 -54}} {{85 80} {-3 82}} {{56 45} {-50 76}} {{66 8} {-55 67}} {{34 101} {75 -84}} {{57 31} {66 25}} {{1 98} {-78 71}} {{95 62} {-4 -85}} {{68 34} {6 4}} {{64 83} {-96 64}} {{59 93} {43 24}} {{41 37} {40 -37}} {{53 71} {-90 6}} {{6 54} {-38 -27}} {{14 78} {-98 -35}} {{62 72} {-19 -49}} {{70 52} {96 -83}} {{8 71} {-18 -4}} {{75 67} {-50 96}} {{93 49} {37 -30}} {{37 67} {-51 -10}} {{41 19} {-30 -23}} {{10 13} {79 -84}} {{22 83} {-26 -38}} {{68 79} {-85 -52}} {{78 72} {-65 -73}} {{66 53} {-60 -19}} {{84 79} {-99 -87}} {{12 67} {34 -10}} {{77 17} {67 -71}} {{9 41} {-93 -58}} {{87 42} {43 -23}} {{88 90} {27 16}} {{11 28} {-82 -19}} {{44 68} {56 58}} {{1 89} {-58 -87}} {{6 68} {85 -55}} {{37 41} {55 52}} {{4 102} {-47 -56}} {{30 42} {-77 -51}} {{14 34} {74 11}} {{91 68} {72 -28}} {{28 6} {-23 74}} {{75 30} {66 34}} {{66 69} {50 -79}} {{92 86} {-26 -82}} {{67 32} {82 80}} {{44 80} {-61 -28}} {{86 55} {22 -45}} {{18 44} {-11 56}} {{41 76} {25 5}} {{81 1} {80 -52}} {{3 64} {-83 -93}} {{3 30} {-83 1}} {{100 86} {-88 44}} {{41 31} {45 70}} {{60 21} {-65 -23}} {{4 0} {54 98}} {{24 68} {-98 -93}} {{5 25} {79 -81}} {{39 44} {26 -51}} {{65 5} {-49 81}} {{50 2} {-40 -25}} {{96 100} {-43 88}} {{21 95} {34 2}} {{38 42} {15 97}} {{90 102} {74 64}} {{29 66} {-58 -54}} {{86 32} {7 12}} {{57 83} {-50 -90}} {{25 35} {-77 11}} {{97 102} {47 -95}} {{81 12} {-54 -98}} {{6 56} {23 -51}} {{80 102} {-79 16}} {{93 26} {-83 83}} {{32 86} {23 -43}} {{24 84} {-52 -97}} {{20 52} {23 79}} {{51 95} {-96 88}} {{23 89} {69 3}} {{42 23} {-66 53}} {{96 69} {-28 65}} {{23 50} {99 41}} {{97 77} {94 -80}} {{10 92} {-63 19}} {{70 32} {92 1}} {{7 66} {-96 -67}} {{77 14} {-34 -37}} {{99 46} {41 25}} {{61 39} {-45 -27}} {{76 80} {-19 93}} {{57 36} {52 32}} {{62 53} {38 -67}} {{83 11} {39 -45}} {{37 92} {-46 23}} {{81 39} {-69 73}} {{48 63} {-5 -24}} {{14 15} {74 36}} {{48 35} {81 -30}} {{31 50} {-21 -10}} {{87 93} {-83 33}} {{46 101} {-55 35}} {{79 96} {-94 54}} {{71 31} {1 -23}} {{14 51} {44 76}} {{42 20} {-91 14}} {{0 21} {-48 87}} {{61 24} {-28 -26}} {{48 27} {-91 8}} {{84 78} {-49 -90}} {{35 66} {-77 13}} {{81 30} {52 39}} {{66 76} {85 5}} {{19 45} {80 -78}} {{51 77} {-55 -79}} {{59 2} {82 36}} {{22 83} {22 -65}} {{82 17} {52 15}} {{84 61} {-49 52}} {{19 46} {80 90}} {{35 81} {71 -13}} {{94 24} {78 91}} {{19 33} {8 61}} {{47 25} {69 -96}} {{6 8} {-2 -60}} {{9 20} {-22 -19}} {{68 0} {21 -5}} {{30 15} {-97 84}} {{9 59} {-19 -84}} {{77 35} {57 35}} {{91 54} {-13 -31}} {{53 69} {81 -69}} {{27 41} {-54 33}} {{28 69} {-67 65}} {{23 58} {60 -48}} {{35 16} {35 36}} {{39 84} {-84 -18}} {{41 82} {45 71}} {{34 48} {16 61}} {{22 1} {39 -87}} {{42 85} {-76 68}} {{5 52} {18 -34}} {{19 58} {-62 -34}} {{60 4} {-30 26}} {{32 43} {4 -92}} {{10 38} {-78 1}} {{54 76} {-46 6}} {{9 93} {-17 -39}} {{93 27} {-61 -89}} {{39 89} {93 6}} {{23 69} {8 55}} {{23 8} {-52 43}} {{29 96} {4 57}} {{88 49} {2 93}} {{37 49} {20 -36}} {{48 84} {85 82}} {{62 101} {6 16}} {{79 82} {-39 -4}} {{10 71} {-12 -4}} {{35 42} {-31 -61}} {{2 95} {-50 53}} {{44 26} {-97 -13}} {{2 36} {84 -89}} {{3 64} {-25 -39}} {{35 23} {4 67}} {{38 102} {-26 -53}} {{11 70} {-22 -4}} {{41 42} {-97 55}} {{59 76} {52 -82}} {{39 23} {29 53}} {{7 46} {-47 1}} {{82 27} {-84 32}} {{56 20} {26 -5}} {{76 33} {16 -58}} {{87 46} {-74 -68}} {{63 3} {97 2}} {{71 15} {-30 22}} {{37 6} {80 5}} {{39 66} {60 51}} {{85 62} {-40 94}} {{26 97} {41 -51}} {{84 63} {-86 69}} {{23 59} {-97 -96}} {{93 32} {77 -47}} {{88 1} {-23 64}} {{14 36} {-67 -49}} {{40 94} {-25 78}} {{54 54} {-47 1}} {{96 31} {93 90}} {{91 21} {-94 -57}} {{88 23} {25 21}} {{12 64} {16 -8}} {{75 17} {-73 70}} {{32 9} {38 -36}} {{37 2} {80 64}} {{72 69} {66 62}} {{52 98} {-23 42}} {{10 74} {36 38}} {{33 6} {-42 -87}} {{83 55} {22 -48}} {{59 80} {-80 76}} {{1 32} {-70 -30}} {{34 49} {33 -58}} {{28 25} {34 74}} {{57 43} {50 23}} {{7 12} {53 9}} {{54 30} {-95 -9}} {{11 91} {28 37}} {{70 38} {-9 -92}} {{30 15} {25 77}} {{88 63} {-98 39}} {{40 15} {-51 -19}} {{100 26} {28 -88}} {{68 30} {-90 66}} {{44 80} {-56 54}} {{11 58} {39 42}} {{62 85} {67 13}} {{92 6} {2 -88}} {{71 98} {-30 -5}} {{99 33} {-69 -13}} {{90 84} {-87 76}} {{23 71} {24 27}} {{62 61} {16 -35}} {{42 57} {-86 -34}} {{28 66} {-16 -7}} {{88 94} {-99 78}} {{95 42} {51 -82}} {{82 50} {52 4}} {{1 69} {-53 -21}} {{37 21} {91 -37}} {{30 2} {-32 -81}} {{18 59} {-7 -96}} {{40 28} {-56 94}} {{45 66} {50 -31}} {{39 79} {-41 -42}} {{75 68} {97 -42}} {{27 22} {-21 -33}} {{6 15} {-34 -68}} {{28 94} {-65 -7}} {{48 25} {-15 63}} {{77 51} {-85 -54}} {{36 53} {-48 -7}} {{15 38} {-73 -41}} {{24 73} {-23 2}} {{17 15} {-37 63}} {{12 59} {-33 57}} {{45 66} {-96 10}} {{27 98} {-67 71}} {{88 66} {-14 79}} {{59 12} {91 36}} {{7 29} {3 15}} {{44 90} {-76 47}} {{77 45} {67 -23}} {{14 62} {-47 -86}} {{28 90} {-77 -80}} {{65 17} {-80 70}} {{63 47} {62 -99}} {{47 30} {-71 97}} {{7 47} {-58 83}} {{2 57} {12 -3}} {{57 71} {70 47}} {{56 26} {94 55}} {{66 97} {-71 45}} {{41 54} {-30 -86}} {{31 85} {-26 47}} {{63 55} {-39 48}} {{6 84} {28 -66}} {{64 62} {-50 86}} {{51 49} {91 -82}} {{19 95} {44 30}} {{54 98} {96 -32}} {{71 65} {54 42}} {{97 72} {83 -21}} {{71 19} {-95 -9}} {{59 45} {51 83}} {{85 18} {37 -53}} {{59 58} {-60 86}} {{96 63} {68 -89}} {{53 25} {58 -22}} {{95 72} {52 7}} {{10 0} {-83 16}} {{48 50} {-16 -44}} {{25 27} {-30 45}} {{79 33} {73 44}} {{40 3} {-36 -70}} {{68 85} {-64 -72}} {{86 73} {-9 -72}} {{25 53} {50 90}} {{64 41} {68 -76}} {{85 42} {-69 -61}} {{84 57} {-10 -73}} {{36 53} {-89 22}} {{24 55} {54 -17}} {{1 97} {-43 93}} {{29 1} {95 -49}} {{19 22} {28 90}} {{73 59} {18 -7}} {{65 36} {41 48}} {{22 50} {-57 -72}} {{61 36} {11 56}} {{18 96} {-68 -1}} {{88 18} {-89 5}} {{73 2} {36 68}} {{24 99} {49 88}} {{43 50} {-5 -20}} {{34 99} {95 -56}} {{9 2} {48 -52}} {{68 39} {-55 -30}} {{33 99} {-42 12}} {{80 26} {52 -23}} {{31 70} {19 -7}} {{75 27} {23 -69}} {{41 8} {40 -22}} {{2 36} {-28 -89}} {{13 92} {49 -38}} {{25 60} {-82 96}} {{7 33} {-83 11}} {{58 63} {56 -65}} {{62 85} {-85 68}} {{97 16} {-18 -50}} {{48 34} {-47 43}} {{43 82} {-71 20}} {{63 55} {-60 -17}} {{28 62} {-75 -70}} {{7 52} {-12 47}} {{72 73} {66 -4}} {{98 33} {68 -64}} {{87 51} {-79 -89}} {{98 63} {-58 -72}} {{57 22} {-15 87}} {{11 20} {42 -63}} {{72 10} {66 -67}} {{28 20} {-87 1}} {{22 5} {-90 29}} {{23 30} {66 30}} {{38 26} {-21 32}} {{90 87} {-28 58}} {{71 94} {22 13}} {{32 32} {24 -71}} {{9 30} {69 29}} {{34 64} {-11 17}} {{80 35} {78 63}} {{39 93} {72 -8}} {{63 94} {-42 96}} {{85 26} {-69 -31}} {{5 100} {-22 5}} {{96 37} {99 -85}} {{55 51} {43 5}} {{20 58} {84 93}} {{1 29} {41 82}} {{83 73} {-79 -62}} {{71 98} {21 23}} {{49 72} {-87 -38}} {{0 63} {-50 62}} {{69 50} {68 34}} {{94 37} {48 38}} {{5 28} {-53 63}} {{99 58} {-15 44}} {{1 86} {-78 34}} {{25 25} {69 -91}} {{15 13} {-57 -19}} {{68 59} {92 -17}} {{7 65} {-58 72}} {{90 88} {-83 83}} {{31 60} {69 -40}} {{83 60} {52 -55}} {{16 63} {86 -5}} {{21 19} {-82 -85}} {{4 74} {-12 -1}} {{51 76} {-73 -63}} {{71 67} {26 41}} {{3 86} {-88 6}} {{5 65} {73 31}} {{79 66} {-44 -96}} {{80 79} {39 49}} {{24 66} {-25 64}} {{0 1} {2 -49}} {{40 21} {-25 97}} {{97 47} {-28 90}} {{97 70} {-61 -99}} {{12 42} {-38 -44}} {{42 39} {-86 42}} {{17 28} {94 -16}} {{68 50} {37 4}} {{31 46} {-81 -89}} {{95 74} {-23 -28}} {{24 35} {-82 -23}} {{53 27} {54 27}} {{26 17} {95 -57}} {{77 92} {37 54}} {{99 33} {68 -30}} {{46 100} {20 19}} {{64 22} {-95 43}} {{9 94} {-88 6}} {{44 78} {70 -52}} {{100 67} {38 -66}} {{31 79} {90 16}} {{57 67} {40 -86}} {{79 48} {67 -96}} {{46 100} {73 44}} {{26 18} {-7 80}} {{60 84} {21 -59}} {{18 16} {64 17}} {{48 81} {91 -35}} {{54 9} {-10 43}} {{34 58} {-16 31}} {{33 0} {-77 -63}} {{90 1} {-36 -27}} {{53 68} {71 34}} {{37 60} {75 -93}} {{49 8} {30 -40}} {{10 102} {94 19}} {{78 54} {60 -21}} {{42 52} {35 48}} {{98 69} {66 -32}} {{89 98} {-47 80}} {{44 8} {56 70}} {{67 8} {97 26}} {{7 81} {65 39}} {{87 38} {23 97}} {{95 11} {87 -5}} {{23 13} {14 80}} {{98 13} {84 34}} {{1 57} {-22 3}} {{22 10} {81 -8}} {{75 14} {-44 -26}} {{7 75} {3 -80}} {{1 20} {-58 84}} {{20 12} {79 -60}} {{80 8} {78 -36}} {{41 66} {64 -33}} {{82 30} {-59 63}} {{95 50} {53 -84}} {{27 0} {-87 40}} {{58 18} {-25 53}} {{50 34} {65 22}} {{6 41} {50 37}} {{3 72} {-56 -25}} {{85 1} {67 -15}} {{63 52} {34 -93}} {{28 72} {4 -35}} {{59 102} {-71 -39}} {{26 16} {24 49}} {{10 97} {-3 90}} {{22 82} {-32 88}} {{47 25} {-96 -16}} {{58 102} {72 -78}} {{26 92} {76 -72}} {{28 22} {34 -2}}]
2024/12/14 17:08:27 500 [{{94 12} {98 -65}} {{42 26} {-43 14}} {{79 77} {55 34}} {{69 26} {14 67}} {{23 18} {-65 77}} {{55 9} {-53 61}} {{79 34} {44 85}} {{41 72} {13 72}} {{52 44} {-81 43}} {{68 8} {42 -76}} {{58 67} {-79 -19}} {{2 88} {-38 -35}} {{53 31} {-87 72}} {{59 13} {-20 -80}} {{80 35} {-4 98}} {{89 39} {56 63}} {{64 59} {-74 19}} {{63 55} {-15 69}} {{63 14} {99 74}} {{56 4} {55 80}} {{66 71} {59 -72}} {{24 74} {74 95}} {{14 81} {3 87}} {{74 91} {17 -7}} {{48 33} {31 -49}} {{81 6} {-73 -95}} {{92 33} {-83 -34}} {{41 33} {21 29}} {{2 40} {-56 38}} {{72 85} {86 96}} {{74 78} {18 43}} {{28 73} {89 -69}} {{7 60} {-23 -91}} {{13 72} {95 -50}} {{65 6} {30 -47}} {{4 72} {19 -91}} {{93 27} {87 73}} {{50 66} {63 6}} {{21 30} {-92 85}} {{74 32} {91 70}} {{37 62} {26 50}} {{4 7} {-41 -80}} {{71 72} {-10 -22}} {{13 63} {41 -68}} {{27 44} {-33 19}} {{13 64} {77 19}} {{36 48} {-91 66}} {{18 87} {-7 43}} {{77 64} {33 -48}} {{66 47} {-95 4}} {{7 99} {-98 -54}} {{88 40} {-3 82}} {{5 23} {-50 76}} {{20 13} {-55 67}} {{60 44} {75 -84}} {{92 59} {66 25}} {{79 91} {-78 71}} {{99 8} {-4 -85}} {{62 22} {6 4}} {{59 97} {-96 64}} {{16 21} {43 24}} {{1 45} {40 -37}} {{42 53} {-90 6}} {{44 32} {-38 -27}} {{11 80} {-98 -35}} {{81 13} {-19 -49}} {{75 95} {96 -83}} {{26 83} {-18 -4}} {{24 88} {-50 96}} {{56 36} {37 -30}} {{88 97} {-51 -10}} {{71 88} {-30 -23}} {{32 59} {79 -84}} {{48 94} {-26 -38}} {{52 29} {-85 -52}} {{42 85} {-65 -73}} {{25 7} {-60 -19}} {{82 31} {-99 -87}} {{79 97} {34 -10}} {{10 24} {67 -71}} {{1 9} {-93 -58}} {{44 8} {43 -23}} {{61 42} {27 16}} {{93 85} {-82 -19}} {{89 100} {56 58}} {{59 41} {-58 -87}} {{22 27} {85 -55}} {{83 91} {55 52}} {{51 64} {-47 -56}} {{6 92} {-77 -51}} {{41 1} {74 11}} {{19 49} {72 -28}} {{51 93} {-23 74}} {{9 31} {66 34}} {{16 100} {50 -79}} {{17 23} {-26 -82}} {{86 101} {82 80}} {{4 61} {-61 -28}} {{64 87} {22 -45}} {{29 82} {-11 56}} {{16 61} {25 5}} {{1 54} {80 -52}} {{86 34} {-83 -93}} {{86 27} {-83 1}} {{87 57} {-88 44}} {{97 27} {45 70}} {{24 90} {-65 -23}} {{51 15} {54 98}} {{21 38} {-98 -93}} {{27 62} {79 -81}} {{13 94} {26 -51}} {{13 71} {-49 81}} {{90 77} {-40 -25}} {{38 42} {-43 88}} {{88 89} {34 2}} {{23 60} {15 97}} {{16 13} {74 64}} {{87 22} {-58 -54}} {{79 99} {7 12}} {{6 44} {-50 -90}} {{1 2} {-77 11}} {{50 78} {47 -95}} {{34 100} {-54 -98}} {{84 3} {23 -51}} {{58 54} {-79 16}} {{75 86} {-83 83}} {{9 9} {23 -43}} {{76 66} {-52 -97}} {{98 21} {23 79}} {{46 37} {-96 88}} {{55 80} {69 3}} {{7 70} {-66 53}} {{23 80} {-28 65}} {{25 30} {99 41}} {{3 8} {94 -80}} {{73 35} {-63 19}} {{79 29} {92 1}} {{2 61} {-96 -67}} {{10 22} {-34 -37}} {{58 74} {41 25}} {{5 17} {-45 -27}} {{95 7} {-19 93}} {{5 43} {52 32}} {{24 48} {38 -67}} {{44 43} {39 -45}} {{83 23} {-46 23}} {{49 26} {-69 73}} {{53 32} {-5 -24}} {{41 10} {74 36}} {{68 22} {81 -30}} {{52 80} {-21 -10}} {{69 97} {-83 33}} {{0 99} {-55 35}} {{72 37} {-94 54}} {{70 100} {1 -23}} {{71 29} {44 76}} {{32 81} {-91 14}} {{48 69} {-48 87}} {{89 102} {-28 -26}} {{38 3} {-91 8}} {{32 39} {-49 -90}} {{11 27} {-77 13}} {{29 16} {52 39}} {{82 61} {85 5}} {{40 73} {80 -78}} {{5 5} {-55 -79}} {{78 100} {82 36}} {{0 72} {22 -65}} {{30 75} {52 15}} {{32 8} {-49 52}} {{40 85} {80 90}} {{65 17} {71 -13}} {{16 60} {78 91}} {{11 56} {8 61}} {{79 4} {69 -96}} {{8 85} {-2 -60}} {{31 77} {-22 -19}} {{47 15} {21 -5}} {{26 72} {-97 84}} {{28 2} {-19 -84}} {{20 33} {57 35}} {{3 44} {-13 -31}} {{73 70} {81 -69}} {{81 45} {-54 33}} {{95 80} {-67 65}} {{64 99} {60 -48}} {{0 11} {35 36}} {{22 35} {-84 -18}} {{97 75} {45 71}} {{18 71} {16 61}} {{84 56} {39 -87}} {{17 87} {-76 68}} {{88 51} {18 -34}} {{81 57} {-62 -34}} {{90 29} {-30 26}} {{28 10} {4 -92}} {{88 35} {-78 1}} {{100 58} {-46 6}} {{26 4} {-17 -39}} {{53 88} {-61 -89}} {{47 71} {93 6}} {{15 7} {8 55}} {{75 85} {-52 43}} {{25 28} {4 57}} {{86 79} {2 93}} {{17 54} {20 -36}} {{64 44} {85 82}} {{56 53} {6 16}} {{17 94} {-39 -4}} {{22 83} {-12 -4}} {{66 19} {-31 -61}} {{52 39} {-50 53}} {{40 65} {-97 -13}} {{19 97} {84 -89}} {{28 78} {-25 -39}} {{31 28} {4 67}} {{64 55} {-26 -53}} {{33 82} {-22 -4}} {{37 83} {-97 55}} {{7 13} {52 -82}} {{10 70} {29 53}} {{54 43} {-47 1}} {{65 34} {-84 32}} {{30 35} {26 -5}} {{60 1} {16 -58}} {{60 44} {-74 -68}} {{67 100} {97 2}} {{0 52} {-30 22}} {{58 94} {80 5}} {{80 16} {60 51}} {{24 89} {-40 94}} {{86 44} {41 -51}} {{69 62} {-86 69}} {{19 38} {-97 -96}} {{16 70} {77 -47}} {{10 15} {-23 64}} {{81 80} {-67 -49}} {{65 66} {-25 78}} {{0 51} {-47 1}} {{3 70} {93 90}} {{84 89} {-94 -57}} {{63 63} {25 21}} {{97 88} {16 -8}} {{47 13} {-73 70}} {{95 14} {38 -36}} {{58 16} {80 64}} {{6 89} {66 62}} {{75 75} {-23 42}} {{75 63} {36 38}} {{75 61} {-42 -87}} {{61 96} {22 -48}} {{38 58} {-80 76}} {{71 19} {-70 -30}} {{1 17} {33 -58}} {{95 9} {34 74}} {{7 77} {50 23}} {{55 88} {53 9}} {{48 57} {-95 -9}} {{84 83} {28 37}} {{79 5} {-9 -92}} {{5 93} {25 77}} {{85 49} {-98 39}} {{91 72} {-51 -19}} {{72 84} {28 -88}} {{57 38} {-90 66}} {{100 21} {-56 54}} {{73 35} {39 42}} {{96 46} {67 13}} {{90 64} {2 -88}} {{0 10} {-30 -5}} {{67 72} {-69 -13}} {{76 62} {-87 76}} {{100 93} {24 27}} {{46 63} {16 -35}} {{27 56} {-86 -34}} {{44 87} {-16 -7}} {{86 66} {-99 78}} {{44 82} {51 -82}} {{30 38} {52 4}} {{54 29} {-53 -21}} {{47 29} {91 -37}} {{62 39} {-32 -81}} {{25 38} {-7 -96}} {{96 55} {-56 94}} {{96 56} {50 -31}} {{80 102} {-41 -42}} {{79 91} {97 -42}} {{48 18} {-21 -33}} {{40 13} {-34 -68}} {{93 12} {-65 -7}} {{63 42} {-15 63}} {{61 7} {-85 -54}} {{84 74} {-48 -7}} {{88 58} {-73 -41}} {{47 67} {-23 2}} {{54 32} {-37 63}} {{45 94} {-33 57}} {{40 36} {-96 10}} {{94 91} {-67 71}} {{1 35} {-14 79}} {{69 7} {91 36}} {{4 87} {3 15}} {{19 52} {-76 47}} {{10 11} {67 -23}} {{61 11} {-47 -86}} {{4 21} {-77 -80}} {{44 13} {-80 70}} {{1 35} {62 -99}} {{17 48} {-71 97}} {{65 4} {-58 83}} {{91 66} {12 -3}} {{88 33} {70 47}} {{63 67} {94 55}} {{36 65} {-71 45}} {{71 3} {-30 -86}} {{57 47} {-26 47}} {{1 14} {-39 48}} {{79 76} {28 -66}} {{13 10} {-50 86}} {{61 89} {91 -82}} {{76 5} {44 30}} {{59 91} {96 -32}} {{17 42} {54 42}} {{14 32} {83 -21}} {{65 46} {-95 -9}} {{8 2} {51 83}} {{48 74} {37 -53}} {{18 6} {-60 86}} {{28 21} {68 -89}} {{96 91} {58 -22}} {{43 51} {52 7}} {{93 55} {-83 16}} {{64 79} {-16 -44}} {{55 98} {-30 45}} {{6 4} {73 44}} {{76 7} {-36 -70}} {{31 95} {-64 -72}} {{95 83} {-9 -72}} {{76 92} {50 90}} {{97 63} {68 -76}} {{53 19} {-69 -61}} {{94 70} {-10 -73}} {{24 90} {-89 22}} {{71 3} {54 -17}} {{44 24} {-43 93}} {{35 45} {95 -49}} {{92 61} {28 90}} {{55 80} {18 -7}} {{24 98} {41 48}} {{79 60} {-57 -72}} {{50 74} {11 56}} {{86 99} {-68 -1}} {{76 3} {-89 5}} {{37 4} {36 68}} {{76 41} {49 88}} {{48 7} {-5 -20}} {{40 61} {95 -56}} {{62 55} {48 -52}} {{22 26} {-55 -30}} {{75 63} {-42 12}} {{28 95} {52 -23}} {{12 91} {19 -7}} {{52 28} {23 -69}} {{1 74} {40 -22}} {{30 97} {-28 -89}} {{65 0} {49 -38}} {{6 81} {-82 96}} {{90 0} {-83 11}} {{2 52} {56 -65}} {{46 87} {-85 68}} {{14 63} {-18 -50}} {{95 8} {-47 43}} {{13 22} {-71 20}} {{22 3} {-60 -17}} {{2 66} {-75 -70}} {{19 14} {-12 47}} {{6 85} {66 -4}} {{30 19} {68 -64}} {{65 9} {-79 -89}} {{55 73} {-58 -72}} {{72 70} {-15 87}} {{70 3} {42 -63}} {{6 5} {66 -67}} {{14 17} {-87 1}} {{11 21} {-90 29}} {{58 43} {66 30}} {{59 33} {-21 32}} {{17 16} {-28 58}} {{49 55} {22 13}} {{8 39} {24 -71}} {{41 46} {69 29}} {{45 13} {-11 17}} {{2 52} {78 63}} {{68 14} {72 -8}} {{4 12} {-42 96}} {{53 16} {-69 -31}} {{27 85} {-22 5}} {{98 86} {99 -85}} {{12 36} {43 5}} {{37 88} {84 93}} {{61 92} {41 82}} {{61 53} {-79 -62}} {{50 29} {21 23}} {{35 83} {-87 -38}} {{50 83} {-50 62}} {{1 51} {68 34}} {{46 26} {48 38}} {{58 45} {-53 63}} {{13 29} {-15 44}} {{79 87} {-78 34}} {{57 92} {69 -91}} {{72 70} {-57 -19}} {{77 7} {92 -17}} {{65 55} {-58 72}} {{72 45} {-83 83}} {{63 77} {69 -40}} {{31 19} {52 -55}} {{31 78} {86 -5}} {{2 68} {-82 -85}} {{16 77} {-12 -1}} {{23 59} {-73 -63}} {{45 47} {26 41}} {{91 68} {-88 6}} {{33 75} {73 31}} {{22 45} {-44 -96}} {{41 35} {39 49}} {{49 80} {-25 64}} {{99 45} {2 -49}} {{65 39} {-25 97}} {{24 86} {-28 90}} {{57 58} {-61 -99}} {{50 71} {-38 -44}} {{27 16} {-86 42}} {{24 76} {94 -16}} {{31 38} {37 4}} {{11 4} {-81 -89}} {{17 55} {-23 -28}} {{5 1} {-82 -23}} {{100 49} {54 27}} {{32 85} {95 -57}} {{40 33} {37 54}} {{31 20} {68 -30}} {{26 43} {20 19}} {{58 99} {-95 43}} {{97 76} {-88 6}} {{75 28} {70 -52}} {{62 59} {38 -66}} {{42 31} {90 16}} {{17 16} {40 -86}} {{12 27} {67 -96}} {{74 71} {73 44}} {{33 87} {-7 80}} {{39 55} {21 -59}} {{55 68} {64 17}} {{58 83} {91 -35}} {{64 86} {-10 43}} {{50 68} {-16 31}} {{9 86} {-77 -63}} {{25 82} {-36 -27}} {{83 69} {71 34}} {{63 30} {75 -93}} {{19 25} {30 -40}} {{17 45} {94 19}} {{18 14} {60 -21}} {{7 11} {35 48}} {{32 62} {66 -32}} {{35 64} {-47 80}} {{89 4} {56 70}} {{71 33} {97 26}} {{43 67} {65 39}} {{64 56} {23 97}} {{8 26} {87 -5}} {{9 82} {14 80}} {{14 14} {84 34}} {{23 48} {-22 3}} {{42 34} {81 -8}} {{18 92} {-44 -26}} {{4 6} {3 -80}} {{59 77} {-58 84}} {{42 89} {79 -60}} {{2 13} {78 -36}} {{78 62} {64 -33}} {{40 47} {-59 63}} {{42 96} {53 -84}} {{13 86} {-87 40}} {{83 65} {-25 53}} {{86 71} {65 22}} {{57 33} {50 37}} {{59 44} {-56 -25}} {{18 46} {67 -15}} {{29 22} {34 -93}} {{24 74} {4 -35}} {{29 13} {-71 -39}} {{2 75} {24 49}} {{13 33} {-3 90}} {{54 24} {-32 88}} {{42 73} {-96 -16}} {{87 27} {72 -78}} {{51 102} {76 -72}} {{95 28} {34 -2}}]
2024/12/14 17:08:27 Original Map
2024/12/14 17:08:27     @     @                @     @                                  @                                
2024/12/14 17:08:27 @                     @      @                                                   @   @  @ @ @        
2024/12/14 17:08:27          @                    @      @            @        @             @                           
2024/12/14 17:08:27                                         @                      @                                     
2024/12/14 17:08:27                                                             @                                        
2024/12/14 17:08:27                       @@                                         @                                   
2024/12/14 17:08:27                             @    @   @                       @ @                            @        
2024/12/14 17:08:27                                                                                                      
2024/12/14 17:08:27       @                @                 @  @    @                @@            @                    
2024/12/14 17:08:27                                 @                     @                                              
2024/12/14 17:08:27            @          @                                                 @       @                    
2024/12/14 17:08:27                                                                                    @           @     
2024/12/14 17:08:27        @            @                                      @                     @                   
2024/12/14 17:08:27           @    @       @                                                                   @      @  
2024/12/14 17:08:27                                                                            @ @                       
2024/12/14 17:08:27       @       @  @            @         @                              @                             
2024/12/14 17:08:27                   @       @        @                                                             @   
2024/12/14 17:08:27                           @                                   @  @         @ @    @                  
2024/12/14 17:08:27                           @                               @                          @  @ @          
2024/12/14 17:08:27                      @                   @                             @                             
2024/12/14 17:08:27  @       @ @                @             @             @                   @                        
2024/12/14 17:08:27 @                                    @  @                   @                      @       @         
2024/12/14 17:08:27                    @       @@               @            @      @                                    
2024/12/14 17:08:27          @                         @   @  @                                             @  @         
2024/12/14 17:08:27                                                              @                                @      
2024/12/14 17:08:27      @ @                 @  @                  @@    @                                               
2024/12/14 17:08:27                                       @     @           @                       @    @       @      @
2024/12/14 17:08:27                          @                      @    @                     @      @          @       
2024/12/14 17:08:27      @     @     @                      @                                                            
2024/12/14 17:08:27  @     @                                                                                             
2024/12/14 17:08:27    @    @@             @                       @      @      @      @      @     @@                  
2024/12/14 17:08:27                                          @               @             @                        @    
2024/12/14 17:08:27  @                              @                                  @  @               @      @       
2024/12/14 17:08:27        @         @ @                                                        @  @                  @@ 
2024/12/14 17:08:27          @    @                                 @ @                 @                                
2024/12/14 17:08:27                         @@                      @                            @  @                    
2024/12/14 17:08:27   @           @                                          @   @  @@                                   
2024/12/14 17:08:27                                          @                                                    @ @    
2024/12/14 17:08:27           @    @                                                      @                @             
2024/12/14 17:08:27                                           @                  @      @            @                   
2024/12/14 17:08:27           @                                   @                                @                     
2024/12/14 17:08:27       @  @                 @         @                          @  @                                 
2024/12/14 17:08:27             @                 @    @  @  @                                           @ @       @     
2024/12/14 17:08:27                                 @                        @ @                                         
2024/12/14 17:08:27                   @                    @                                                             
2024/12/14 17:08:27                    @                                    @  @                 @                       
2024/12/14 17:08:27        @           @           @                                                       @           @ 
2024/12/14 17:08:27        @                                                       @                                 @   
2024/12/14 17:08:27                                   @                                            @                     
2024/12/14 17:08:27                                   @  @             @                                    @    @       
2024/12/14 17:08:27                       @@       @           @    @                   @@            @            @  @  
2024/12/14 17:08:27               @                                @       @                     @         @             
2024/12/14 17:08:27      @ @            @                     @                    @      @                              
2024/12/14 17:08:27                          @          @                         @   @                                  
2024/12/14 17:08:27       @                                  @            @                       @            @         
2024/12/14 17:08:27                         @                                      @                   @  @              
2024/12/14 17:08:27       @                                         @                                                    
2024/12/14 17:08:27  @@                                       @                                         @                
2024/12/14 17:08:27            @       @@  @          @                        @                                       @ 
2024/12/14 17:08:27          @  @     @    @                                            @   @@                           
2024/12/14 17:08:27                          @     @     @                                             @                 
2024/12/14 17:08:27                         @                                     @                     @                
2024/12/14 17:08:27               @             @                                   @                    @         @     
2024/12/14 17:08:27 @               @                               @         @                         @   @       @ @  
2024/12/14 17:08:27    @        @                     @                      @                                           
2024/12/14 17:08:27      @ @                                              @                @                             
2024/12/14 17:08:27        @                @   @@     @   @ @   @                                 @        @            
2024/12/14 17:08:27             @                        @                   @             @   @                        @
2024/12/14 17:08:27       @                 @                   @        @                     @               @        @
2024/12/14 17:08:27  @                     @    @                        @            @     @                       @ @  
2024/12/14 17:08:27            @                   @                                        @                  @     @   
2024/12/14 17:08:27         @ @            @                             @   @                                     @     
2024/12/14 17:08:27    @            @           @                    @            @               @                @ @   
2024/12/14 17:08:27                         @                                               @          @  @              
2024/12/14 17:08:27     @     @                                                                                    @     
2024/12/14 17:08:27        @                                                                                             
2024/12/14 17:08:27                                  @       @         @  @    @    @ @                                  
2024/12/14 17:08:27                                                    @                                             @   
2024/12/14 17:08:27               @                             @                                       @                
2024/12/14 17:08:27                               @@       @                            @           @   @                
2024/12/14 17:08:27                                             @              @                @        @               
2024/12/14 17:08:27        @                           @            @                                                    
2024/12/14 17:08:27                       @                @ @ @          @                        @                     
2024/12/14 17:08:27                       @                                  @      @                                    
2024/12/14 17:08:27       @     @           @              @        @           @                             @          
2024/12/14 17:08:27                                @          @                   @     @                                
2024/12/14 17:08:27  @ @                            @                                @                          @       @
2024/12/14 17:08:27                                                                                           @          
2024/12/14 17:08:27                                                                                           @          
2024/12/14 17:08:27  @@      @             @               @                                                             
2024/12/14 17:08:27                             @               @                                           @            
2024/12/14 17:08:27            @                                                                                         
2024/12/14 17:08:27           @  @            @          @                                       @ @                     
2024/12/14 17:08:27          @                             @                   @                           @             
2024/12/14 17:08:27          @                  @           @                      @       @                @            
2024/12/14 17:08:27   @                @ @                             @                                                 
2024/12/14 17:08:27                   @          @                                                 @     @               
2024/12/14 17:08:27  @        @               @                                       @                                  
2024/12/14 17:08:27  @                         @                        @ @                @                 @           
2024/12/14 17:08:27                         @        @@                                                                  
2024/12/14 17:08:27      @                                        @                                                 @    
2024/12/14 17:08:27                                   @           @               @                                @     
2024/12/14 17:08:27     @     @                           @                   @@                    @         @      @   
2024/12/14 17:08:27 
2024/12/14 17:08:27 UPDATED MAP
2024/12/14 17:08:27 @        @@                  @                                                                       
2024/12/14 17:08:27                                                                                                  @   
2024/12/14 17:08:27                                              @                                                       
2024/12/14 17:08:27                 @                @@                  @                    @                          
2024/12/14 17:08:27        @                                                                                             
2024/12/14 17:08:27                                                                         @                            
2024/12/14 17:08:27                                                                                                      
2024/12/14 17:08:27                                                                                                      
2024/12/14 17:08:27                                          @                                                           
2024/12/14 17:08:27               @                                              @                                       
2024/12/14 17:08:27                                                                                                      
2024/12/14 17:08:27                                                    @                                  @              
2024/12/14 17:08:27                                                                    @                                 
2024/12/14 17:08:27         @                                                                           @                
2024/12/14 17:08:27                                  @                                                                   
2024/12/14 17:08:27   @                 @                                                                                
2024/12/14 17:08:27              @                  @                                     @                              
2024/12/14 17:08:27                    @                                                                      @          
2024/12/14 17:08:27                 @                  @                              @                                  
2024/12/14 17:08:27        @                                                                                             
2024/12/14 17:08:27                                              @@                     @              @                 
2024/12/14 17:08:27                                                                             @                        
2024/12/14 17:08:27              @                                                                                       
2024/12/14 17:08:27                                                    @                                                 
2024/12/14 17:08:27                  @                                                                                   
2024/12/14 17:08:27                                                         @                                            
2024/12/14 17:08:27                    @                                                                                 
2024/12/14 17:08:27                  @                                                                                 @ 
2024/12/14 17:08:27                                 @           @                                                  @     
2024/12/14 17:08:27                    @                                                             @                   
2024/12/14 17:08:27                                                   @                             @ @             @    
2024/12/14 17:08:27                                                                                                      
2024/12/14 17:08:27                                                                              @                       
2024/12/14 17:08:27                                                                   @                                  
2024/12/14 17:08:27                                                      @               @                               
2024/12/14 17:08:27 @                                                                               @            @       
2024/12/14 17:08:27                                                                                            @         
2024/12/14 17:08:27                                                   @                                          @       
2024/12/14 17:08:27                    @                                                                      @          
2024/12/14 17:08:27                                                                        @                        @    
2024/12/14 17:08:27                       @                                                                          @   
2024/12/14 17:08:27                                              @                                                       
2024/12/14 17:08:27                                                                                           @          
2024/12/14 17:08:27             @                                                                             @          
2024/12/14 17:08:27                                    @@@@@@@@@@@@@@@@@@@@@@@@@@@@@@@                                   
2024/12/14 17:08:27                                    @                             @          @                        
2024/12/14 17:08:27                                    @                             @                                   
2024/12/14 17:08:27                                    @                             @                                   
2024/12/14 17:08:27                                    @                             @                                   
2024/12/14 17:08:27                                    @              @              @                     @             
2024/12/14 17:08:27                                    @             @@@             @                                   
2024/12/14 17:08:27     @                              @            @@@@@            @                                   
2024/12/14 17:08:27                                    @           @@@@@@@           @                                   
2024/12/14 17:08:27                               @    @          @@@@@@@@@          @                                   
2024/12/14 17:08:27                                    @            @@@@@            @                   @               
2024/12/14 17:08:27                 @                  @           @@@@@@@           @                                   
2024/12/14 17:08:27                                    @          @@@@@@@@@          @                                   
2024/12/14 17:08:27                     @              @         @@@@@@@@@@@         @                                   
2024/12/14 17:08:27                                    @        @@@@@@@@@@@@@        @                                   
2024/12/14 17:08:27   @          @          @          @          @@@@@@@@@          @                      @            
2024/12/14 17:08:27                                    @         @@@@@@@@@@@         @               @                   
2024/12/14 17:08:27                                    @        @@@@@@@@@@@@@        @                                   
2024/12/14 17:08:27                                    @       @@@@@@@@@@@@@@@       @              @                    
2024/12/14 17:08:27                                    @      @@@@@@@@@@@@@@@@@      @                  @             @  
2024/12/14 17:08:27                                @   @        @@@@@@@@@@@@@        @  @                                
2024/12/14 17:08:27                         @          @       @@@@@@@@@@@@@@@       @      @                            
2024/12/14 17:08:27                  @     @           @      @@@@@@@@@@@@@@@@@      @                                   
2024/12/14 17:08:27                                    @     @@@@@@@@@@@@@@@@@@@     @      @                            
2024/12/14 17:08:27                @                   @    @@@@@@@@@@@@@@@@@@@@@    @          @                        
2024/12/14 17:08:27                      @     @       @             @@@             @                         @         
2024/12/14 17:08:27                           @        @             @@@             @                                   
2024/12/14 17:08:27                                    @             @@@             @                                   
2024/12/14 17:08:27                                    @                             @                                   
2024/12/14 17:08:27                                    @                             @                     @             
2024/12/14 17:08:27      @                             @                             @                                   
2024/12/14 17:08:27                                    @                             @            @        @             
2024/12/14 17:08:27                                    @@@@@@@@@@@@@@@@@@@@@@@@@@@@@@@                                   
2024/12/14 17:08:27                                                                                                      
2024/12/14 17:08:27                                                                                                      
2024/12/14 17:08:27                   @                                         @                                    @   
2024/12/14 17:08:27                                                                                                      
2024/12/14 17:08:27 @                                                                                                 @  
2024/12/14 17:08:27                                        @               @                                             
2024/12/14 17:08:27                                                @                                                     
2024/12/14 17:08:27                                                                                      @               
2024/12/14 17:08:27                                           @@                @                                        
2024/12/14 17:08:27     @                                                                                                
2024/12/14 17:08:27 @   @                                         @                           @     @                    
2024/12/14 17:08:27                              @     @                                           @                     
2024/12/14 17:08:27  @                                                  @                                            @   
2024/12/14 17:08:27                @                                           @                           @       @     
2024/12/14 17:08:27                                                                                                      
2024/12/14 17:08:27        @                                                                                             
2024/12/14 17:08:27                                                                                                      
2024/12/14 17:08:27                                            @                                  @                      
2024/12/14 17:08:27                      @                                                                             @ 
2024/12/14 17:08:27                                                                  @                                   
2024/12/14 17:08:27                                                                                                      
2024/12/14 17:08:27    @  @     @                                                                                        
2024/12/14 17:08:27                                                                                                      
2024/12/14 17:08:27                             @                                                                        
2024/12/14 17:08:27                                                       @                      @                       
2024/12/14 17:08:27                                          @                                                           
2024/12/14 17:08:27 
